<?xml version="1.0" encoding="UTF-8"?>
<!-- Generated by org.testng.reporters.JUnitReportReporter -->
<testsuite hostname="Sampadas-Air.attlocal.net" failures="0" tests="1" name="test.com.testr1" time="0.018" errors="0" timestamp="2023-04-24T21:13:13 CDT" skipped="0">
  <testcase classname="test.com.testr1" name="loginTest" time="0.018"/>
  <system-out/>
</testsuite> <!-- test.com.testr1 -->
